
============================
 Flower Shop Server Started
============================
[2023-05-31T13:17:22.902469] Class: PSK.FlowerShop.configurations.ModelMapperConfig, Method: modelMapper
[2023-05-31T13:17:24.571467300] Class: PSK.FlowerShop.configurations.CorsConfig, Method: addCorsMappings

============================
 Flower Shop Server Started
============================
[2023-05-31T13:17:53.254675100] Class: PSK.FlowerShop.configurations.ModelMapperConfig, Method: modelMapper
[2023-05-31T13:17:53.953814500] Class: PSK.FlowerShop.configurations.CorsConfig, Method: addCorsMappings
[2023-05-31T13:18:00.991098800] Class: PSK.FlowerShop.controller.AdminController, Method: createAdmin
[2023-05-31T13:18:01.003066400] Class: PSK.FlowerShop.service.AdminService, Method: createAdmin
[2023-05-31T13:18:01.004064500] Class: org.springframework.data.repository.CrudRepository, Method: save
[2023-05-31T13:18:20.211037200] Class: PSK.FlowerShop.Seeders.ProductSeeder, Method: seedProducts
[2023-05-31T13:18:42.048607900] Class: PSK.FlowerShop.controller.ProductController, Method: getProducts
[2023-05-31T13:18:42.049605300] Class: PSK.FlowerShop.service.ProductService, Method: getAllProducts
[2023-05-31T13:18:42.050605400] Class: PSK.FlowerShop.repository.ProductRepository, Method: findByIsDeletedFalse
[2023-05-31T13:18:42.164605] Class: PSK.FlowerShop.controller.ProductController, Method: getProducts
[2023-05-31T13:18:42.165603700] Class: PSK.FlowerShop.service.ProductService, Method: getAllProducts
[2023-05-31T13:18:42.165603700] Class: PSK.FlowerShop.repository.ProductRepository, Method: findByIsDeletedFalse
[2023-05-31T13:18:42.168604600] Class: PSK.FlowerShop.controller.ProductController, Method: getProducts
[2023-05-31T13:18:42.169603600] Class: PSK.FlowerShop.service.ProductService, Method: getAllProducts
[2023-05-31T13:18:42.170603200] Class: PSK.FlowerShop.repository.ProductRepository, Method: findByIsDeletedFalse
[2023-05-31T13:18:42.192602600] Class: PSK.FlowerShop.controller.ProductController, Method: getProducts
[2023-05-31T13:18:42.193603800] Class: PSK.FlowerShop.service.ProductService, Method: getAllProducts
[2023-05-31T13:18:42.193603800] Class: PSK.FlowerShop.repository.ProductRepository, Method: findByIsDeletedFalse
[2023-05-31T13:18:42.194603100] Class: PSK.FlowerShop.controller.ProductController, Method: getProducts
[2023-05-31T13:18:42.194603100] Class: PSK.FlowerShop.service.ProductService, Method: getAllProducts
[2023-05-31T13:18:42.195602900] Class: PSK.FlowerShop.repository.ProductRepository, Method: findByIsDeletedFalse
[2023-05-31T13:18:42.211602200] Class: PSK.FlowerShop.controller.ProductController, Method: getProducts
[2023-05-31T13:18:42.212601700] Class: PSK.FlowerShop.service.ProductService, Method: getAllProducts
[2023-05-31T13:18:42.212601700] Class: PSK.FlowerShop.repository.ProductRepository, Method: findByIsDeletedFalse
[2023-05-31T13:19:29.205192] Class: PSK.FlowerShop.controller.ProductController, Method: getProductById
[2023-05-31T13:19:29.205192] Class: PSK.FlowerShop.service.ProductService, Method: getProductById
[2023-05-31T13:19:29.206190700] Class: org.springframework.data.repository.CrudRepository, Method: findById
[2023-05-31T13:19:29.220191700] Class: PSK.FlowerShop.controller.ProductController, Method: getProductById
[2023-05-31T13:19:29.221192100] Class: PSK.FlowerShop.service.ProductService, Method: getProductById
[2023-05-31T13:19:29.222193200] Class: org.springframework.data.repository.CrudRepository, Method: findById
[2023-05-31T13:21:31.829398400] Class: PSK.FlowerShop.controller.ProductController, Method: getProductById
[2023-05-31T13:21:31.830397400] Class: PSK.FlowerShop.service.ProductService, Method: getProductById
[2023-05-31T13:21:31.831398300] Class: org.springframework.data.repository.CrudRepository, Method: findById
[2023-05-31T13:21:42.972438800] Class: PSK.FlowerShop.controller.ProductController, Method: getProductById
[2023-05-31T13:21:42.973440900] Class: PSK.FlowerShop.service.ProductService, Method: getProductById
[2023-05-31T13:21:42.974438100] Class: org.springframework.data.repository.CrudRepository, Method: findById
[2023-05-31T13:22:12.521761300] Class: PSK.FlowerShop.controller.ProductController, Method: getProductById
[2023-05-31T13:22:12.522761600] Class: PSK.FlowerShop.service.ProductService, Method: getProductById
[2023-05-31T13:22:12.522761600] Class: org.springframework.data.repository.CrudRepository, Method: findById
[2023-05-31T13:22:36.622266600] Class: PSK.FlowerShop.controller.ProductController, Method: getProductById
[2023-05-31T13:22:36.623266300] Class: PSK.FlowerShop.service.ProductService, Method: getProductById
[2023-05-31T13:22:36.623266300] Class: org.springframework.data.repository.CrudRepository, Method: findById
[2023-05-31T13:23:15.226092500] Class: PSK.FlowerShop.controller.ProductController, Method: getProductById
[2023-05-31T13:23:15.227097700] Class: PSK.FlowerShop.service.ProductService, Method: getProductById
[2023-05-31T13:23:15.228093] Class: org.springframework.data.repository.CrudRepository, Method: findById
[2023-05-31T13:23:23.343922400] Class: PSK.FlowerShop.controller.ProductController, Method: getProductById
[2023-05-31T13:23:23.344921800] Class: PSK.FlowerShop.service.ProductService, Method: getProductById
[2023-05-31T13:23:23.345925800] Class: org.springframework.data.repository.CrudRepository, Method: findById
[2023-05-31T13:23:45.640592500] Class: PSK.FlowerShop.controller.ProductController, Method: getProductById
[2023-05-31T13:23:45.641594100] Class: PSK.FlowerShop.service.ProductService, Method: getProductById
[2023-05-31T13:23:45.641594100] Class: org.springframework.data.repository.CrudRepository, Method: findById
[2023-05-31T13:25:41.475533900] Class: PSK.FlowerShop.controller.ProductController, Method: getProductById
[2023-05-31T13:25:41.476532800] Class: PSK.FlowerShop.service.ProductService, Method: getProductById
[2023-05-31T13:25:41.477535100] Class: org.springframework.data.repository.CrudRepository, Method: findById
[2023-05-31T13:25:41.487535200] Class: PSK.FlowerShop.controller.ProductController, Method: getProductById
[2023-05-31T13:25:41.489535400] Class: PSK.FlowerShop.service.ProductService, Method: getProductById
[2023-05-31T13:25:41.489535400] Class: org.springframework.data.repository.CrudRepository, Method: findById
[2023-05-31T13:26:34.064641800] Class: PSK.FlowerShop.controller.ProductController, Method: getProductById
[2023-05-31T13:26:34.065643300] Class: PSK.FlowerShop.service.ProductService, Method: getProductById
[2023-05-31T13:26:34.065643300] Class: org.springframework.data.repository.CrudRepository, Method: findById
[2023-05-31T13:26:34.075643500] Class: PSK.FlowerShop.controller.ProductController, Method: getProductById
[2023-05-31T13:26:34.076643] Class: PSK.FlowerShop.service.ProductService, Method: getProductById
[2023-05-31T13:26:34.076643] Class: org.springframework.data.repository.CrudRepository, Method: findById
[2023-05-31T13:26:43.571516] Class: PSK.FlowerShop.controller.ProductController, Method: getProductById
[2023-05-31T13:26:43.572514900] Class: PSK.FlowerShop.service.ProductService, Method: getProductById
[2023-05-31T13:26:43.572514900] Class: org.springframework.data.repository.CrudRepository, Method: findById
[2023-05-31T13:26:43.585516900] Class: PSK.FlowerShop.controller.ProductController, Method: getProductById
[2023-05-31T13:26:43.586516300] Class: PSK.FlowerShop.service.ProductService, Method: getProductById
[2023-05-31T13:26:43.587517400] Class: org.springframework.data.repository.CrudRepository, Method: findById
[2023-05-31T13:26:48.401512] Class: PSK.FlowerShop.controller.ProductController, Method: getProducts
[2023-05-31T13:26:48.401512] Class: PSK.FlowerShop.controller.ProductController, Method: getProducts
[2023-05-31T13:26:48.401512] Class: PSK.FlowerShop.service.ProductService, Method: getAllProducts
[2023-05-31T13:26:48.401512] Class: PSK.FlowerShop.service.ProductService, Method: getAllProducts
[2023-05-31T13:26:48.402512900] Class: PSK.FlowerShop.repository.ProductRepository, Method: findByIsDeletedFalse
[2023-05-31T13:26:48.402512900] Class: PSK.FlowerShop.repository.ProductRepository, Method: findByIsDeletedFalse
[2023-05-31T13:26:48.468513300] Class: PSK.FlowerShop.controller.ProductController, Method: getProducts
[2023-05-31T13:26:48.469514300] Class: PSK.FlowerShop.service.ProductService, Method: getAllProducts
[2023-05-31T13:26:48.469514300] Class: PSK.FlowerShop.repository.ProductRepository, Method: findByIsDeletedFalse
[2023-05-31T13:26:48.501514900] Class: PSK.FlowerShop.controller.ProductController, Method: getProducts
[2023-05-31T13:26:48.502513700] Class: PSK.FlowerShop.service.ProductService, Method: getAllProducts
[2023-05-31T13:26:48.503516500] Class: PSK.FlowerShop.repository.ProductRepository, Method: findByIsDeletedFalse
[2023-05-31T13:26:48.514515400] Class: PSK.FlowerShop.controller.ProductController, Method: getProducts
[2023-05-31T13:26:48.514515400] Class: PSK.FlowerShop.service.ProductService, Method: getAllProducts
[2023-05-31T13:26:48.515514800] Class: PSK.FlowerShop.repository.ProductRepository, Method: findByIsDeletedFalse
[2023-05-31T13:26:48.718514200] Class: PSK.FlowerShop.controller.ProductController, Method: getProducts
[2023-05-31T13:26:48.719516100] Class: PSK.FlowerShop.service.ProductService, Method: getAllProducts
[2023-05-31T13:26:48.719516100] Class: PSK.FlowerShop.repository.ProductRepository, Method: findByIsDeletedFalse
[2023-05-31T13:26:55.033417800] Class: PSK.FlowerShop.controller.ProductController, Method: getProductById
[2023-05-31T13:26:55.033417800] Class: PSK.FlowerShop.service.ProductService, Method: getProductById
[2023-05-31T13:26:55.034418700] Class: org.springframework.data.repository.CrudRepository, Method: findById
[2023-05-31T13:26:55.044422] Class: PSK.FlowerShop.controller.ProductController, Method: getProductById
[2023-05-31T13:26:55.045421] Class: PSK.FlowerShop.service.ProductService, Method: getProductById
[2023-05-31T13:26:55.046421600] Class: org.springframework.data.repository.CrudRepository, Method: findById
[2023-05-31T13:27:49.279466800] Class: PSK.FlowerShop.controller.ProductController, Method: getProductById
[2023-05-31T13:27:49.280468500] Class: PSK.FlowerShop.service.ProductService, Method: getProductById
[2023-05-31T13:27:49.280468500] Class: org.springframework.data.repository.CrudRepository, Method: findById
[2023-05-31T13:28:02.605585400] Class: PSK.FlowerShop.controller.ProductController, Method: getProductById
[2023-05-31T13:28:02.606582500] Class: PSK.FlowerShop.service.ProductService, Method: getProductById
[2023-05-31T13:28:02.606582500] Class: org.springframework.data.repository.CrudRepository, Method: findById
[2023-05-31T13:28:21.276271700] Class: PSK.FlowerShop.controller.ProductController, Method: getProductById
[2023-05-31T13:28:21.277279600] Class: PSK.FlowerShop.service.ProductService, Method: getProductById
[2023-05-31T13:28:21.277279600] Class: org.springframework.data.repository.CrudRepository, Method: findById
[2023-05-31T13:28:30.409491300] Class: PSK.FlowerShop.controller.ProductController, Method: getProductById
[2023-05-31T13:28:30.409491300] Class: PSK.FlowerShop.service.ProductService, Method: getProductById
[2023-05-31T13:28:30.410488700] Class: org.springframework.data.repository.CrudRepository, Method: findById
[2023-05-31T13:29:02.340279900] Class: PSK.FlowerShop.controller.ProductController, Method: getProductById
[2023-05-31T13:29:02.341281700] Class: PSK.FlowerShop.service.ProductService, Method: getProductById
[2023-05-31T13:29:02.342278100] Class: org.springframework.data.repository.CrudRepository, Method: findById
[2023-05-31T13:29:35.781408400] Class: PSK.FlowerShop.controller.ProductController, Method: getProductById
[2023-05-31T13:29:35.781408400] Class: PSK.FlowerShop.service.ProductService, Method: getProductById
[2023-05-31T13:29:35.782403400] Class: org.springframework.data.repository.CrudRepository, Method: findById
[2023-05-31T13:29:52.959823600] Class: PSK.FlowerShop.controller.ProductController, Method: getProductById
[2023-05-31T13:29:52.959823600] Class: PSK.FlowerShop.service.ProductService, Method: getProductById
[2023-05-31T13:29:52.960824200] Class: org.springframework.data.repository.CrudRepository, Method: findById
[2023-05-31T13:29:52.961824] Class: PSK.FlowerShop.controller.ProductController, Method: getProductById
[2023-05-31T13:29:52.962825400] Class: PSK.FlowerShop.service.ProductService, Method: getProductById
[2023-05-31T13:29:52.963825300] Class: org.springframework.data.repository.CrudRepository, Method: findById
[2023-05-31T13:29:59.174439600] Class: PSK.FlowerShop.controller.ProductController, Method: getProductById
[2023-05-31T13:29:59.175424200] Class: PSK.FlowerShop.service.ProductService, Method: getProductById
[2023-05-31T13:29:59.176467100] Class: org.springframework.data.repository.CrudRepository, Method: findById
[2023-05-31T13:29:59.411488200] Class: PSK.FlowerShop.controller.ProductController, Method: getProductById
[2023-05-31T13:29:59.411488200] Class: PSK.FlowerShop.service.ProductService, Method: getProductById
[2023-05-31T13:29:59.412486600] Class: org.springframework.data.repository.CrudRepository, Method: findById
[2023-05-31T13:30:00.316490600] Class: PSK.FlowerShop.controller.ProductController, Method: getProductById
[2023-05-31T13:30:00.316490600] Class: PSK.FlowerShop.service.ProductService, Method: getProductById
[2023-05-31T13:30:00.317486900] Class: org.springframework.data.repository.CrudRepository, Method: findById
[2023-05-31T13:30:01.731260600] Class: PSK.FlowerShop.controller.ProductController, Method: getProductById
[2023-05-31T13:30:01.737264700] Class: PSK.FlowerShop.service.ProductService, Method: getProductById
[2023-05-31T13:30:01.738260900] Class: org.springframework.data.repository.CrudRepository, Method: findById
[2023-05-31T13:30:01.905261400] Class: PSK.FlowerShop.controller.ProductController, Method: getProductById
[2023-05-31T13:30:01.909261200] Class: PSK.FlowerShop.service.ProductService, Method: getProductById
[2023-05-31T13:30:01.909261200] Class: PSK.FlowerShop.controller.ProductController, Method: getProductById
[2023-05-31T13:30:01.909261200] Class: org.springframework.data.repository.CrudRepository, Method: findById
[2023-05-31T13:30:01.909261200] Class: PSK.FlowerShop.service.ProductService, Method: getProductById
[2023-05-31T13:30:01.910260600] Class: org.springframework.data.repository.CrudRepository, Method: findById
[2023-05-31T13:30:04.065237500] Class: PSK.FlowerShop.controller.ProductController, Method: getProductById
[2023-05-31T13:30:04.065237500] Class: PSK.FlowerShop.service.ProductService, Method: getProductById
[2023-05-31T13:30:04.066238100] Class: org.springframework.data.repository.CrudRepository, Method: findById
[2023-05-31T13:30:04.069235500] Class: PSK.FlowerShop.controller.ProductController, Method: getProductById
[2023-05-31T13:30:04.069235500] Class: PSK.FlowerShop.service.ProductService, Method: getProductById
[2023-05-31T13:30:04.069235500] Class: org.springframework.data.repository.CrudRepository, Method: findById
[2023-05-31T13:31:20.914737400] Class: PSK.FlowerShop.controller.ProductController, Method: getProductById
[2023-05-31T13:31:20.915738800] Class: PSK.FlowerShop.service.ProductService, Method: getProductById
[2023-05-31T13:31:20.916740100] Class: org.springframework.data.repository.CrudRepository, Method: findById
[2023-05-31T13:31:20.927738500] Class: PSK.FlowerShop.controller.ProductController, Method: getProductById
[2023-05-31T13:31:20.927738500] Class: PSK.FlowerShop.service.ProductService, Method: getProductById
[2023-05-31T13:31:20.927738500] Class: org.springframework.data.repository.CrudRepository, Method: findById
[2023-05-31T13:31:23.812774700] Class: PSK.FlowerShop.controller.OrderController, Method: createOrder
[2023-05-31T13:31:23.815774300] Class: PSK.FlowerShop.Validators.SpecializedOrderValidator, Method: validate
[2023-05-31T13:31:23.826564500] Class: PSK.FlowerShop.service.OrderService, Method: createOrder
[2023-05-31T13:31:23.983473700] Class: org.springframework.data.repository.CrudRepository, Method: save
[2023-05-31T13:31:24.051473500] Class: PSK.FlowerShop.usecase.EmailServiceImpl, Method: sendEmail
[2023-05-31T13:31:29.929362800] Class: PSK.FlowerShop.controller.OrderController, Method: getOrderById
[2023-05-31T13:31:29.929362800] Class: PSK.FlowerShop.controller.OrderController, Method: getOrderById
[2023-05-31T13:31:29.930362600] Class: PSK.FlowerShop.service.OrderService, Method: getOrderById
[2023-05-31T13:31:29.930362600] Class: PSK.FlowerShop.service.OrderService, Method: getOrderById
[2023-05-31T13:31:29.932363] Class: org.springframework.data.repository.CrudRepository, Method: findById
[2023-05-31T13:31:29.932363] Class: org.springframework.data.repository.CrudRepository, Method: findById
[2023-05-31T13:31:38.790867500] Class: PSK.FlowerShop.controller.ProductController, Method: getProductById
[2023-05-31T13:31:38.791868800] Class: PSK.FlowerShop.service.ProductService, Method: getProductById
[2023-05-31T13:31:38.791868800] Class: org.springframework.data.repository.CrudRepository, Method: findById
[2023-05-31T13:31:38.797865400] Class: PSK.FlowerShop.controller.ProductController, Method: getProductById
[2023-05-31T13:31:38.798864700] Class: PSK.FlowerShop.service.ProductService, Method: getProductById
[2023-05-31T13:31:38.798864700] Class: org.springframework.data.repository.CrudRepository, Method: findById
[2023-05-31T13:31:56.141837800] Class: PSK.FlowerShop.controller.OrderController, Method: getOrderById
[2023-05-31T13:31:56.142837900] Class: PSK.FlowerShop.service.OrderService, Method: getOrderById
[2023-05-31T13:31:56.142837900] Class: org.springframework.data.repository.CrudRepository, Method: findById
[2023-05-31T13:31:56.151837400] Class: PSK.FlowerShop.controller.OrderController, Method: getOrderById
[2023-05-31T13:31:56.151837400] Class: PSK.FlowerShop.service.OrderService, Method: getOrderById
[2023-05-31T13:31:56.153835800] Class: org.springframework.data.repository.CrudRepository, Method: findById
[2023-05-31T13:32:03.646800500] Class: PSK.FlowerShop.controller.OrderController, Method: getOrderById
[2023-05-31T13:32:03.646800500] Class: PSK.FlowerShop.service.OrderService, Method: getOrderById
[2023-05-31T13:32:03.647799500] Class: org.springframework.data.repository.CrudRepository, Method: findById
[2023-05-31T13:32:03.657802800] Class: PSK.FlowerShop.controller.OrderController, Method: getOrderById
[2023-05-31T13:32:03.659803600] Class: PSK.FlowerShop.service.OrderService, Method: getOrderById
[2023-05-31T13:32:03.659803600] Class: org.springframework.data.repository.CrudRepository, Method: findById
[2023-05-31T13:34:57.424923400] Class: PSK.FlowerShop.controller.OrderController, Method: getOrderById
[2023-05-31T13:34:57.424923400] Class: PSK.FlowerShop.service.OrderService, Method: getOrderById
[2023-05-31T13:34:57.425922300] Class: org.springframework.data.repository.CrudRepository, Method: findById
[2023-05-31T13:35:01.099610100] Class: PSK.FlowerShop.controller.ProductController, Method: getProductById
[2023-05-31T13:35:01.100630500] Class: PSK.FlowerShop.service.ProductService, Method: getProductById
[2023-05-31T13:35:01.101613100] Class: org.springframework.data.repository.CrudRepository, Method: findById
[2023-05-31T13:35:01.102611700] Class: PSK.FlowerShop.controller.ProductController, Method: getProductById
[2023-05-31T13:35:01.102611700] Class: PSK.FlowerShop.service.ProductService, Method: getProductById
[2023-05-31T13:35:01.103610700] Class: org.springframework.data.repository.CrudRepository, Method: findById
[2023-05-31T13:35:02.204513400] Class: PSK.FlowerShop.controller.OrderController, Method: getOrderById
[2023-05-31T13:35:02.204513400] Class: PSK.FlowerShop.service.OrderService, Method: getOrderById
[2023-05-31T13:35:02.205513900] Class: org.springframework.data.repository.CrudRepository, Method: findById
[2023-05-31T13:35:02.207518100] Class: PSK.FlowerShop.controller.OrderController, Method: getOrderById
[2023-05-31T13:35:02.208519400] Class: PSK.FlowerShop.service.OrderService, Method: getOrderById
[2023-05-31T13:35:02.208519400] Class: org.springframework.data.repository.CrudRepository, Method: findById
[2023-05-31T13:35:07.739638700] Class: PSK.FlowerShop.controller.OrderController, Method: changeOrderStatus
[2023-05-31T13:35:07.740635800] Class: PSK.FlowerShop.service.OrderService, Method: changeOrderStatus
[2023-05-31T13:35:07.740635800] Class: org.springframework.data.repository.CrudRepository, Method: findById
[2023-05-31T13:35:07.741635700] Class: org.springframework.data.repository.CrudRepository, Method: save
[2023-05-31T13:35:07.749641300] Class: PSK.FlowerShop.controller.OrderController, Method: getOrderById
[2023-05-31T13:35:07.750637300] Class: PSK.FlowerShop.service.OrderService, Method: getOrderById
[2023-05-31T13:35:07.750637300] Class: org.springframework.data.repository.CrudRepository, Method: findById
[2023-05-31T13:35:09.872156500] Class: PSK.FlowerShop.controller.ProductController, Method: getProducts
[2023-05-31T13:35:09.873159200] Class: PSK.FlowerShop.service.ProductService, Method: getAllProducts
[2023-05-31T13:35:09.873159200] Class: PSK.FlowerShop.controller.ProductController, Method: getProducts
[2023-05-31T13:35:09.874159900] Class: PSK.FlowerShop.repository.ProductRepository, Method: findByIsDeletedFalse
[2023-05-31T13:35:09.874159900] Class: PSK.FlowerShop.service.ProductService, Method: getAllProducts
[2023-05-31T13:35:09.874159900] Class: PSK.FlowerShop.repository.ProductRepository, Method: findByIsDeletedFalse
[2023-05-31T13:35:09.898158700] Class: PSK.FlowerShop.controller.ProductController, Method: getProducts
[2023-05-31T13:35:09.899157400] Class: PSK.FlowerShop.service.ProductService, Method: getAllProducts
[2023-05-31T13:35:09.899157400] Class: PSK.FlowerShop.controller.ProductController, Method: getProducts
[2023-05-31T13:35:09.900158300] Class: PSK.FlowerShop.repository.ProductRepository, Method: findByIsDeletedFalse
[2023-05-31T13:35:09.900158300] Class: PSK.FlowerShop.service.ProductService, Method: getAllProducts
[2023-05-31T13:35:09.900158300] Class: PSK.FlowerShop.repository.ProductRepository, Method: findByIsDeletedFalse
[2023-05-31T13:35:09.913156400] Class: PSK.FlowerShop.controller.ProductController, Method: getProducts
[2023-05-31T13:35:09.914157700] Class: PSK.FlowerShop.service.ProductService, Method: getAllProducts
[2023-05-31T13:35:09.914157700] Class: PSK.FlowerShop.repository.ProductRepository, Method: findByIsDeletedFalse
[2023-05-31T13:35:09.914157700] Class: PSK.FlowerShop.controller.ProductController, Method: getProducts
[2023-05-31T13:35:09.914157700] Class: PSK.FlowerShop.service.ProductService, Method: getAllProducts
[2023-05-31T13:35:09.915156200] Class: PSK.FlowerShop.repository.ProductRepository, Method: findByIsDeletedFalse
[2023-05-31T13:35:21.776613100] Class: PSK.FlowerShop.controller.AdminController, Method: login
[2023-05-31T13:35:21.791760200] Class: PSK.FlowerShop.service.AdminService, Method: findAdminByUsernameAndPassword
[2023-05-31T13:35:21.791760200] Class: PSK.FlowerShop.repository.AdminRepository, Method: findByUsernameAndPassword
[2023-05-31T13:35:22.003745600] Class: PSK.FlowerShop.controller.ProductController, Method: getProducts
[2023-05-31T13:35:22.004735400] Class: PSK.FlowerShop.service.ProductService, Method: getAllProducts
[2023-05-31T13:35:22.006736700] Class: PSK.FlowerShop.controller.ProductController, Method: getProducts
[2023-05-31T13:35:22.008736200] Class: PSK.FlowerShop.service.ProductService, Method: getAllProducts
[2023-05-31T13:35:22.008736200] Class: PSK.FlowerShop.repository.ProductRepository, Method: findByIsDeletedFalse
[2023-05-31T13:35:22.008736200] Class: PSK.FlowerShop.repository.ProductRepository, Method: findByIsDeletedFalse
[2023-05-31T13:35:22.022735500] Class: PSK.FlowerShop.controller.ProductController, Method: getProducts
[2023-05-31T13:35:22.023737800] Class: PSK.FlowerShop.service.ProductService, Method: getAllProducts
[2023-05-31T13:35:22.023737800] Class: PSK.FlowerShop.repository.ProductRepository, Method: findByIsDeletedFalse
[2023-05-31T13:35:22.024735800] Class: PSK.FlowerShop.controller.ProductController, Method: getProducts
[2023-05-31T13:35:22.025733600] Class: PSK.FlowerShop.service.ProductService, Method: getAllProducts
[2023-05-31T13:35:22.025733600] Class: PSK.FlowerShop.repository.ProductRepository, Method: findByIsDeletedFalse
[2023-05-31T13:35:22.035734800] Class: PSK.FlowerShop.controller.ProductController, Method: getProducts
[2023-05-31T13:35:22.035734800] Class: PSK.FlowerShop.controller.ProductController, Method: getProducts
[2023-05-31T13:35:22.035734800] Class: PSK.FlowerShop.service.ProductService, Method: getAllProducts
[2023-05-31T13:35:22.036732800] Class: PSK.FlowerShop.service.ProductService, Method: getAllProducts
[2023-05-31T13:35:22.036732800] Class: PSK.FlowerShop.repository.ProductRepository, Method: findByIsDeletedFalse
[2023-05-31T13:35:22.036732800] Class: PSK.FlowerShop.repository.ProductRepository, Method: findByIsDeletedFalse
[2023-05-31T13:35:25.079110500] Class: PSK.FlowerShop.controller.StatisticsController, Method: getStatistics
[2023-05-31T13:35:25.079110500] Class: PSK.FlowerShop.controller.StatisticsController, Method: getStatistics
[2023-05-31T13:35:25.080112100] Class: PSK.FlowerShop.usecase.StatisticCalculator, Method: getStatistics
[2023-05-31T13:35:25.080112100] Class: PSK.FlowerShop.usecase.StatisticCalculator, Method: getStatistics
[2023-05-31T13:35:25.081112] Class: PSK.FlowerShop.service.OrderService, Method: getOrdersByDateRange
[2023-05-31T13:35:25.081112] Class: PSK.FlowerShop.service.OrderService, Method: getOrdersByDateRange
[2023-05-31T13:35:25.081112] Class: PSK.FlowerShop.repository.OrderRepository, Method: findOrdersByDateRange
[2023-05-31T13:35:25.081112] Class: PSK.FlowerShop.repository.OrderRepository, Method: findOrdersByDateRange
[2023-05-31T13:35:28.008627300] Class: PSK.FlowerShop.controller.OrderController, Method: getAllOrders
[2023-05-31T13:35:28.009624900] Class: PSK.FlowerShop.service.OrderService, Method: getAllOrders
[2023-05-31T13:35:28.015626600] Class: PSK.FlowerShop.controller.OrderController, Method: getAllOrders
[2023-05-31T13:35:28.015626600] Class: PSK.FlowerShop.service.OrderService, Method: getAllOrders
[2023-05-31T13:35:29.481289900] Class: PSK.FlowerShop.controller.ProductController, Method: getProducts
[2023-05-31T13:35:29.481289900] Class: PSK.FlowerShop.service.ProductService, Method: getAllProducts
[2023-05-31T13:35:29.482290600] Class: PSK.FlowerShop.repository.ProductRepository, Method: findByIsDeletedFalse
[2023-05-31T13:35:29.485292300] Class: PSK.FlowerShop.controller.ProductController, Method: getProducts
[2023-05-31T13:35:29.486291500] Class: PSK.FlowerShop.service.ProductService, Method: getAllProducts
[2023-05-31T13:35:29.486291500] Class: PSK.FlowerShop.repository.ProductRepository, Method: findByIsDeletedFalse
[2023-05-31T13:35:33.696173500] Class: PSK.FlowerShop.controller.ProductController, Method: getProducts
[2023-05-31T13:35:33.696173500] Class: PSK.FlowerShop.service.ProductService, Method: getAllProducts
[2023-05-31T13:35:33.697173900] Class: PSK.FlowerShop.controller.ProductController, Method: getProducts
[2023-05-31T13:35:33.697173900] Class: PSK.FlowerShop.repository.ProductRepository, Method: findByIsDeletedFalse
[2023-05-31T13:35:33.698175500] Class: PSK.FlowerShop.service.ProductService, Method: getAllProducts
[2023-05-31T13:35:33.698175500] Class: PSK.FlowerShop.repository.ProductRepository, Method: findByIsDeletedFalse
[2023-05-31T13:35:33.713173100] Class: PSK.FlowerShop.controller.ProductController, Method: getProducts
[2023-05-31T13:35:33.714176600] Class: PSK.FlowerShop.service.ProductService, Method: getAllProducts
[2023-05-31T13:35:33.715173200] Class: PSK.FlowerShop.repository.ProductRepository, Method: findByIsDeletedFalse
[2023-05-31T13:35:33.716172500] Class: PSK.FlowerShop.controller.ProductController, Method: getProducts
[2023-05-31T13:35:33.716172500] Class: PSK.FlowerShop.service.ProductService, Method: getAllProducts
[2023-05-31T13:35:33.717172400] Class: PSK.FlowerShop.repository.ProductRepository, Method: findByIsDeletedFalse
[2023-05-31T13:35:33.731174400] Class: PSK.FlowerShop.controller.ProductController, Method: getProducts
[2023-05-31T13:35:33.731174400] Class: PSK.FlowerShop.service.ProductService, Method: getAllProducts
[2023-05-31T13:35:33.732173800] Class: PSK.FlowerShop.repository.ProductRepository, Method: findByIsDeletedFalse
[2023-05-31T13:35:33.735173800] Class: PSK.FlowerShop.controller.ProductController, Method: getProducts
[2023-05-31T13:35:33.736175200] Class: PSK.FlowerShop.service.ProductService, Method: getAllProducts
[2023-05-31T13:35:33.736175200] Class: PSK.FlowerShop.repository.ProductRepository, Method: findByIsDeletedFalse
[2023-05-31T13:42:29.861316500] Class: PSK.FlowerShop.controller.ProductController, Method: getProducts
[2023-05-31T13:42:29.864315900] Class: PSK.FlowerShop.service.ProductService, Method: getAllProducts
[2023-05-31T13:42:29.865318700] Class: PSK.FlowerShop.repository.ProductRepository, Method: findByIsDeletedFalse
[2023-05-31T13:42:29.935316300] Class: PSK.FlowerShop.controller.ProductController, Method: getProducts
[2023-05-31T13:42:29.936316900] Class: PSK.FlowerShop.service.ProductService, Method: getAllProducts
[2023-05-31T13:42:29.936316900] Class: PSK.FlowerShop.repository.ProductRepository, Method: findByIsDeletedFalse
[2023-05-31T13:42:29.952317200] Class: PSK.FlowerShop.controller.ProductController, Method: getProducts
[2023-05-31T13:42:29.953315700] Class: PSK.FlowerShop.service.ProductService, Method: getAllProducts
[2023-05-31T13:42:29.953315700] Class: PSK.FlowerShop.repository.ProductRepository, Method: findByIsDeletedFalse
[2023-05-31T13:42:32.457393300] Class: PSK.FlowerShop.controller.ProductController, Method: getProducts
[2023-05-31T13:42:32.458396500] Class: PSK.FlowerShop.service.ProductService, Method: getAllProducts
[2023-05-31T13:42:32.459394800] Class: PSK.FlowerShop.repository.ProductRepository, Method: findByIsDeletedFalse
[2023-05-31T13:42:32.468397400] Class: PSK.FlowerShop.controller.ProductController, Method: getProducts
[2023-05-31T13:42:32.468397400] Class: PSK.FlowerShop.service.ProductService, Method: getAllProducts
[2023-05-31T13:42:32.469397900] Class: PSK.FlowerShop.repository.ProductRepository, Method: findByIsDeletedFalse
[2023-05-31T13:42:32.473393900] Class: PSK.FlowerShop.controller.ProductController, Method: getProducts
[2023-05-31T13:42:32.473393900] Class: PSK.FlowerShop.service.ProductService, Method: getAllProducts
[2023-05-31T13:42:32.473393900] Class: PSK.FlowerShop.repository.ProductRepository, Method: findByIsDeletedFalse
[2023-05-31T13:42:32.486400800] Class: PSK.FlowerShop.controller.ProductController, Method: getProducts
[2023-05-31T13:42:32.486400800] Class: PSK.FlowerShop.service.ProductService, Method: getAllProducts
[2023-05-31T13:42:32.487397500] Class: PSK.FlowerShop.repository.ProductRepository, Method: findByIsDeletedFalse
[2023-05-31T13:42:32.491396800] Class: PSK.FlowerShop.controller.ProductController, Method: getProducts
[2023-05-31T13:42:32.491396800] Class: PSK.FlowerShop.service.ProductService, Method: getAllProducts
[2023-05-31T13:42:32.491396800] Class: PSK.FlowerShop.repository.ProductRepository, Method: findByIsDeletedFalse
[2023-05-31T13:42:32.506394300] Class: PSK.FlowerShop.controller.ProductController, Method: getProducts
[2023-05-31T13:42:32.507394600] Class: PSK.FlowerShop.service.ProductService, Method: getAllProducts
[2023-05-31T13:42:32.507394600] Class: PSK.FlowerShop.repository.ProductRepository, Method: findByIsDeletedFalse
[2023-05-31T13:44:11.859895900] Class: PSK.FlowerShop.controller.ProductController, Method: getProducts
[2023-05-31T13:44:11.860895600] Class: PSK.FlowerShop.service.ProductService, Method: getAllProducts
[2023-05-31T13:44:11.861894600] Class: PSK.FlowerShop.repository.ProductRepository, Method: findByIsDeletedFalse
[2023-05-31T13:44:11.875895100] Class: PSK.FlowerShop.controller.ProductController, Method: getProducts
[2023-05-31T13:44:11.876896] Class: PSK.FlowerShop.service.ProductService, Method: getAllProducts
[2023-05-31T13:44:11.877898600] Class: PSK.FlowerShop.repository.ProductRepository, Method: findByIsDeletedFalse
[2023-05-31T13:44:11.887893600] Class: PSK.FlowerShop.controller.ProductController, Method: getProducts
[2023-05-31T13:44:11.888893900] Class: PSK.FlowerShop.service.ProductService, Method: getAllProducts
[2023-05-31T13:44:11.888893900] Class: PSK.FlowerShop.repository.ProductRepository, Method: findByIsDeletedFalse
[2023-05-31T13:44:11.901892600] Class: PSK.FlowerShop.controller.ProductController, Method: getProducts
[2023-05-31T13:44:11.902892300] Class: PSK.FlowerShop.service.ProductService, Method: getAllProducts
[2023-05-31T13:44:11.902892300] Class: PSK.FlowerShop.repository.ProductRepository, Method: findByIsDeletedFalse
[2023-05-31T13:44:11.902892300] Class: PSK.FlowerShop.controller.ProductController, Method: getProducts
[2023-05-31T13:44:11.902892300] Class: PSK.FlowerShop.service.ProductService, Method: getAllProducts
[2023-05-31T13:44:11.903891900] Class: PSK.FlowerShop.repository.ProductRepository, Method: findByIsDeletedFalse
[2023-05-31T13:44:11.918890900] Class: PSK.FlowerShop.controller.ProductController, Method: getProducts
[2023-05-31T13:44:11.918890900] Class: PSK.FlowerShop.service.ProductService, Method: getAllProducts
[2023-05-31T13:44:11.918890900] Class: PSK.FlowerShop.repository.ProductRepository, Method: findByIsDeletedFalse
[2023-05-31T13:44:54.721336100] Class: PSK.FlowerShop.controller.ProductController, Method: getProducts
[2023-05-31T13:44:54.722338900] Class: PSK.FlowerShop.service.ProductService, Method: getAllProducts
[2023-05-31T13:44:54.722338900] Class: PSK.FlowerShop.repository.ProductRepository, Method: findByIsDeletedFalse
[2023-05-31T13:44:54.734337900] Class: PSK.FlowerShop.controller.ProductController, Method: getProducts
[2023-05-31T13:44:54.734337900] Class: PSK.FlowerShop.service.ProductService, Method: getAllProducts
[2023-05-31T13:44:54.735337] Class: PSK.FlowerShop.repository.ProductRepository, Method: findByIsDeletedFalse
[2023-05-31T13:44:54.739344900] Class: PSK.FlowerShop.controller.ProductController, Method: getProducts
[2023-05-31T13:44:54.739344900] Class: PSK.FlowerShop.service.ProductService, Method: getAllProducts
[2023-05-31T13:44:54.740339100] Class: PSK.FlowerShop.repository.ProductRepository, Method: findByIsDeletedFalse
[2023-05-31T13:44:54.753336200] Class: PSK.FlowerShop.controller.ProductController, Method: getProducts
[2023-05-31T13:44:54.754336900] Class: PSK.FlowerShop.service.ProductService, Method: getAllProducts
[2023-05-31T13:44:54.754336900] Class: PSK.FlowerShop.repository.ProductRepository, Method: findByIsDeletedFalse
[2023-05-31T13:44:54.763336900] Class: PSK.FlowerShop.controller.ProductController, Method: getProducts
[2023-05-31T13:44:54.763336900] Class: PSK.FlowerShop.service.ProductService, Method: getAllProducts
[2023-05-31T13:44:54.764341800] Class: PSK.FlowerShop.repository.ProductRepository, Method: findByIsDeletedFalse
[2023-05-31T13:44:54.773338800] Class: PSK.FlowerShop.controller.ProductController, Method: getProducts
[2023-05-31T13:44:54.773338800] Class: PSK.FlowerShop.service.ProductService, Method: getAllProducts
[2023-05-31T13:44:54.774338700] Class: PSK.FlowerShop.repository.ProductRepository, Method: findByIsDeletedFalse
[2023-05-31T13:45:51.977618700] Class: PSK.FlowerShop.controller.ProductController, Method: getProducts
[2023-05-31T13:45:51.977618700] Class: PSK.FlowerShop.service.ProductService, Method: getAllProducts
[2023-05-31T13:45:51.978607800] Class: PSK.FlowerShop.repository.ProductRepository, Method: findByIsDeletedFalse
[2023-05-31T13:45:51.986613] Class: PSK.FlowerShop.controller.ProductController, Method: getProducts
[2023-05-31T13:45:51.987609700] Class: PSK.FlowerShop.service.ProductService, Method: getAllProducts
[2023-05-31T13:45:51.987609700] Class: PSK.FlowerShop.repository.ProductRepository, Method: findByIsDeletedFalse
[2023-05-31T13:45:51.992608600] Class: PSK.FlowerShop.controller.ProductController, Method: getProducts
[2023-05-31T13:45:51.992608600] Class: PSK.FlowerShop.service.ProductService, Method: getAllProducts
[2023-05-31T13:45:51.993609400] Class: PSK.FlowerShop.repository.ProductRepository, Method: findByIsDeletedFalse
[2023-05-31T13:45:52.004609800] Class: PSK.FlowerShop.controller.ProductController, Method: getProducts
[2023-05-31T13:45:52.005608300] Class: PSK.FlowerShop.service.ProductService, Method: getAllProducts
[2023-05-31T13:45:52.006607400] Class: PSK.FlowerShop.repository.ProductRepository, Method: findByIsDeletedFalse
[2023-05-31T13:45:52.007608200] Class: PSK.FlowerShop.controller.ProductController, Method: getProducts
[2023-05-31T13:45:52.007608200] Class: PSK.FlowerShop.service.ProductService, Method: getAllProducts
[2023-05-31T13:45:52.009610100] Class: PSK.FlowerShop.repository.ProductRepository, Method: findByIsDeletedFalse
[2023-05-31T13:45:52.019611500] Class: PSK.FlowerShop.controller.ProductController, Method: getProducts
[2023-05-31T13:45:52.020606700] Class: PSK.FlowerShop.service.ProductService, Method: getAllProducts
[2023-05-31T13:45:52.020606700] Class: PSK.FlowerShop.repository.ProductRepository, Method: findByIsDeletedFalse
[2023-05-31T13:46:41.370670300] Class: PSK.FlowerShop.controller.ProductController, Method: getProducts
[2023-05-31T13:46:41.370670300] Class: PSK.FlowerShop.service.ProductService, Method: getAllProducts
[2023-05-31T13:46:41.371668600] Class: PSK.FlowerShop.repository.ProductRepository, Method: findByIsDeletedFalse
[2023-05-31T13:46:41.385671400] Class: PSK.FlowerShop.controller.ProductController, Method: getProducts
[2023-05-31T13:46:41.385671400] Class: PSK.FlowerShop.service.ProductService, Method: getAllProducts
[2023-05-31T13:46:41.386670300] Class: PSK.FlowerShop.repository.ProductRepository, Method: findByIsDeletedFalse
[2023-05-31T13:46:41.390670400] Class: PSK.FlowerShop.controller.ProductController, Method: getProducts
[2023-05-31T13:46:41.391669900] Class: PSK.FlowerShop.service.ProductService, Method: getAllProducts
[2023-05-31T13:46:41.391669900] Class: PSK.FlowerShop.repository.ProductRepository, Method: findByIsDeletedFalse
[2023-05-31T13:46:41.403668400] Class: PSK.FlowerShop.controller.ProductController, Method: getProducts
[2023-05-31T13:46:41.404669700] Class: PSK.FlowerShop.service.ProductService, Method: getAllProducts
[2023-05-31T13:46:41.404669700] Class: PSK.FlowerShop.repository.ProductRepository, Method: findByIsDeletedFalse
[2023-05-31T13:46:41.421671800] Class: PSK.FlowerShop.controller.ProductController, Method: getProducts
[2023-05-31T13:46:41.421671800] Class: PSK.FlowerShop.service.ProductService, Method: getAllProducts
[2023-05-31T13:46:41.422671600] Class: PSK.FlowerShop.repository.ProductRepository, Method: findByIsDeletedFalse
[2023-05-31T13:46:41.435668800] Class: PSK.FlowerShop.controller.ProductController, Method: getProducts
[2023-05-31T13:46:41.435668800] Class: PSK.FlowerShop.service.ProductService, Method: getAllProducts
[2023-05-31T13:46:41.435668800] Class: PSK.FlowerShop.repository.ProductRepository, Method: findByIsDeletedFalse
[2023-05-31T13:47:35.028702800] Class: PSK.FlowerShop.controller.ProductController, Method: getProducts
[2023-05-31T13:47:35.029701700] Class: PSK.FlowerShop.service.ProductService, Method: getAllProducts
[2023-05-31T13:47:35.029701700] Class: PSK.FlowerShop.repository.ProductRepository, Method: findByIsDeletedFalse
[2023-05-31T13:47:35.071701700] Class: PSK.FlowerShop.controller.ProductController, Method: getProducts
[2023-05-31T13:47:35.071701700] Class: PSK.FlowerShop.service.ProductService, Method: getAllProducts
[2023-05-31T13:47:35.072701100] Class: PSK.FlowerShop.repository.ProductRepository, Method: findByIsDeletedFalse
[2023-05-31T13:47:35.073699900] Class: PSK.FlowerShop.controller.ProductController, Method: getProducts
[2023-05-31T13:47:35.074700900] Class: PSK.FlowerShop.service.ProductService, Method: getAllProducts
[2023-05-31T13:47:35.074700900] Class: PSK.FlowerShop.repository.ProductRepository, Method: findByIsDeletedFalse
[2023-05-31T13:47:35.085699500] Class: PSK.FlowerShop.controller.ProductController, Method: getProducts
[2023-05-31T13:47:35.087699500] Class: PSK.FlowerShop.service.ProductService, Method: getAllProducts
[2023-05-31T13:47:35.087699500] Class: PSK.FlowerShop.controller.ProductController, Method: getProducts
[2023-05-31T13:47:35.087699500] Class: PSK.FlowerShop.service.ProductService, Method: getAllProducts
[2023-05-31T13:47:35.087699500] Class: PSK.FlowerShop.repository.ProductRepository, Method: findByIsDeletedFalse
[2023-05-31T13:47:35.087699500] Class: PSK.FlowerShop.repository.ProductRepository, Method: findByIsDeletedFalse
[2023-05-31T13:47:35.097701500] Class: PSK.FlowerShop.controller.ProductController, Method: getProducts
[2023-05-31T13:47:35.097701500] Class: PSK.FlowerShop.service.ProductService, Method: getAllProducts
[2023-05-31T13:47:35.097701500] Class: PSK.FlowerShop.repository.ProductRepository, Method: findByIsDeletedFalse
[2023-05-31T13:52:10.211044100] Class: PSK.FlowerShop.controller.ProductController, Method: getProducts
[2023-05-31T13:52:10.215044600] Class: PSK.FlowerShop.service.ProductService, Method: getAllProducts
[2023-05-31T13:52:10.216044200] Class: PSK.FlowerShop.repository.ProductRepository, Method: findByIsDeletedFalse
[2023-05-31T13:52:10.376044400] Class: PSK.FlowerShop.controller.ProductController, Method: getProducts
[2023-05-31T13:52:10.379046400] Class: PSK.FlowerShop.service.ProductService, Method: getAllProducts
[2023-05-31T13:52:10.381045100] Class: PSK.FlowerShop.repository.ProductRepository, Method: findByIsDeletedFalse
[2023-05-31T13:52:10.410043500] Class: PSK.FlowerShop.controller.ProductController, Method: getProducts
[2023-05-31T13:52:10.410043500] Class: PSK.FlowerShop.service.ProductService, Method: getAllProducts
[2023-05-31T13:52:10.413046900] Class: PSK.FlowerShop.repository.ProductRepository, Method: findByIsDeletedFalse
[2023-05-31T13:55:19.901655500] Class: PSK.FlowerShop.controller.ProductController, Method: getProducts
[2023-05-31T13:55:19.904656200] Class: PSK.FlowerShop.service.ProductService, Method: getAllProducts
[2023-05-31T13:55:19.905655900] Class: PSK.FlowerShop.repository.ProductRepository, Method: findByIsDeletedFalse
[2023-05-31T13:55:19.944658400] Class: PSK.FlowerShop.controller.ProductController, Method: getProducts
[2023-05-31T13:55:19.945658300] Class: PSK.FlowerShop.service.ProductService, Method: getAllProducts
[2023-05-31T13:55:19.946658800] Class: PSK.FlowerShop.repository.ProductRepository, Method: findByIsDeletedFalse
[2023-05-31T13:55:19.949656] Class: PSK.FlowerShop.controller.ProductController, Method: getProducts
[2023-05-31T13:55:19.950656] Class: PSK.FlowerShop.service.ProductService, Method: getAllProducts
[2023-05-31T13:55:19.950656] Class: PSK.FlowerShop.repository.ProductRepository, Method: findByIsDeletedFalse
[2023-05-31T13:55:19.960656700] Class: PSK.FlowerShop.controller.ProductController, Method: getProducts
[2023-05-31T13:55:19.960656700] Class: PSK.FlowerShop.service.ProductService, Method: getAllProducts
[2023-05-31T13:55:19.961657800] Class: PSK.FlowerShop.repository.ProductRepository, Method: findByIsDeletedFalse
[2023-05-31T13:55:19.961657800] Class: PSK.FlowerShop.controller.ProductController, Method: getProducts
[2023-05-31T13:55:19.961657800] Class: PSK.FlowerShop.service.ProductService, Method: getAllProducts
[2023-05-31T13:55:19.962656400] Class: PSK.FlowerShop.repository.ProductRepository, Method: findByIsDeletedFalse
[2023-05-31T13:55:19.976655500] Class: PSK.FlowerShop.controller.ProductController, Method: getProducts
[2023-05-31T13:55:19.976655500] Class: PSK.FlowerShop.service.ProductService, Method: getAllProducts
[2023-05-31T13:55:19.977656800] Class: PSK.FlowerShop.repository.ProductRepository, Method: findByIsDeletedFalse
[2023-05-31T14:44:54.759885100] Class: PSK.FlowerShop.controller.ProductController, Method: getProducts
[2023-05-31T14:44:54.764883800] Class: PSK.FlowerShop.service.ProductService, Method: getAllProducts
[2023-05-31T14:44:54.767884100] Class: PSK.FlowerShop.repository.ProductRepository, Method: findByIsDeletedFalse
[2023-05-31T14:44:54.893886500] Class: PSK.FlowerShop.controller.ProductController, Method: getProducts
[2023-05-31T14:44:54.895883200] Class: PSK.FlowerShop.service.ProductService, Method: getAllProducts
[2023-05-31T14:44:54.895883200] Class: PSK.FlowerShop.repository.ProductRepository, Method: findByIsDeletedFalse
[2023-05-31T14:44:54.900924200] Class: PSK.FlowerShop.controller.ProductController, Method: getProducts
[2023-05-31T14:44:54.901882100] Class: PSK.FlowerShop.service.ProductService, Method: getAllProducts
[2023-05-31T14:44:54.901882100] Class: PSK.FlowerShop.repository.ProductRepository, Method: findByIsDeletedFalse
[2023-05-31T14:44:54.915884400] Class: PSK.FlowerShop.controller.ProductController, Method: getProducts
[2023-05-31T14:44:54.916883900] Class: PSK.FlowerShop.service.ProductService, Method: getAllProducts
[2023-05-31T14:44:54.916883900] Class: PSK.FlowerShop.repository.ProductRepository, Method: findByIsDeletedFalse
[2023-05-31T14:44:54.918885300] Class: PSK.FlowerShop.controller.ProductController, Method: getProducts
[2023-05-31T14:44:54.919884100] Class: PSK.FlowerShop.service.ProductService, Method: getAllProducts
[2023-05-31T14:44:54.919884100] Class: PSK.FlowerShop.repository.ProductRepository, Method: findByIsDeletedFalse
[2023-05-31T14:44:54.938882600] Class: PSK.FlowerShop.controller.ProductController, Method: getProducts
[2023-05-31T14:44:54.938882600] Class: PSK.FlowerShop.service.ProductService, Method: getAllProducts
[2023-05-31T14:44:54.939883700] Class: PSK.FlowerShop.repository.ProductRepository, Method: findByIsDeletedFalse
[2023-05-31T14:45:02.799275100] Class: PSK.FlowerShop.controller.ProductController, Method: getProducts
[2023-05-31T14:45:02.800272400] Class: PSK.FlowerShop.service.ProductService, Method: getAllProducts
[2023-05-31T14:45:02.800272400] Class: PSK.FlowerShop.repository.ProductRepository, Method: findByIsDeletedFalse
[2023-05-31T14:45:02.818276300] Class: PSK.FlowerShop.controller.ProductController, Method: getProducts
[2023-05-31T14:45:02.819275] Class: PSK.FlowerShop.service.ProductService, Method: getAllProducts
[2023-05-31T14:45:02.820273400] Class: PSK.FlowerShop.repository.ProductRepository, Method: findByIsDeletedFalse
[2023-05-31T14:45:02.855273600] Class: PSK.FlowerShop.controller.ProductController, Method: getProducts
[2023-05-31T14:45:02.857275400] Class: PSK.FlowerShop.service.ProductService, Method: getAllProducts
[2023-05-31T14:45:02.857275400] Class: PSK.FlowerShop.repository.ProductRepository, Method: findByIsDeletedFalse
[2023-05-31T14:45:02.870273200] Class: PSK.FlowerShop.controller.ProductController, Method: getProducts
[2023-05-31T14:45:02.871276200] Class: PSK.FlowerShop.service.ProductService, Method: getAllProducts
[2023-05-31T14:45:02.871276200] Class: PSK.FlowerShop.repository.ProductRepository, Method: findByIsDeletedFalse
[2023-05-31T14:45:02.879272200] Class: PSK.FlowerShop.controller.ProductController, Method: getProducts
[2023-05-31T14:45:02.880272700] Class: PSK.FlowerShop.service.ProductService, Method: getAllProducts
[2023-05-31T14:45:02.880272700] Class: PSK.FlowerShop.repository.ProductRepository, Method: findByIsDeletedFalse
[2023-05-31T14:45:02.893274600] Class: PSK.FlowerShop.controller.ProductController, Method: getProducts
[2023-05-31T14:45:02.893274600] Class: PSK.FlowerShop.service.ProductService, Method: getAllProducts
[2023-05-31T14:45:02.894272700] Class: PSK.FlowerShop.repository.ProductRepository, Method: findByIsDeletedFalse
[2023-05-31T14:45:08.266726] Class: PSK.FlowerShop.controller.AdminController, Method: login
[2023-05-31T14:45:08.404471900] Class: PSK.FlowerShop.service.AdminService, Method: findAdminByUsernameAndPassword
[2023-05-31T14:45:08.404471900] Class: PSK.FlowerShop.repository.AdminRepository, Method: findByUsernameAndPassword
[2023-05-31T14:45:14.333610100] Class: PSK.FlowerShop.controller.AdminController, Method: login
[2023-05-31T14:45:14.336835500] Class: PSK.FlowerShop.service.AdminService, Method: findAdminByUsernameAndPassword
[2023-05-31T14:45:14.337616100] Class: PSK.FlowerShop.repository.AdminRepository, Method: findByUsernameAndPassword
[2023-05-31T14:45:48.496310700] Class: PSK.FlowerShop.controller.AdminController, Method: login
[2023-05-31T14:45:48.500302] Class: PSK.FlowerShop.service.AdminService, Method: findAdminByUsernameAndPassword
[2023-05-31T14:45:48.500302] Class: PSK.FlowerShop.repository.AdminRepository, Method: findByUsernameAndPassword
[2023-05-31T14:46:06.097502200] Class: PSK.FlowerShop.controller.ProductController, Method: getProducts
[2023-05-31T14:46:06.097502200] Class: PSK.FlowerShop.service.ProductService, Method: getAllProducts
[2023-05-31T14:46:06.098502900] Class: PSK.FlowerShop.repository.ProductRepository, Method: findByIsDeletedFalse
[2023-05-31T14:46:06.110505700] Class: PSK.FlowerShop.controller.ProductController, Method: getProducts
[2023-05-31T14:46:06.111500900] Class: PSK.FlowerShop.service.ProductService, Method: getAllProducts
[2023-05-31T14:46:06.111500900] Class: PSK.FlowerShop.repository.ProductRepository, Method: findByIsDeletedFalse
[2023-05-31T14:46:06.120504400] Class: PSK.FlowerShop.controller.ProductController, Method: getProducts
[2023-05-31T14:46:06.120504400] Class: PSK.FlowerShop.service.ProductService, Method: getAllProducts
[2023-05-31T14:46:06.121503700] Class: PSK.FlowerShop.repository.ProductRepository, Method: findByIsDeletedFalse
[2023-05-31T14:46:06.130501100] Class: PSK.FlowerShop.controller.ProductController, Method: getProducts
[2023-05-31T14:46:06.131500500] Class: PSK.FlowerShop.service.ProductService, Method: getAllProducts
[2023-05-31T14:46:06.131500500] Class: PSK.FlowerShop.repository.ProductRepository, Method: findByIsDeletedFalse
[2023-05-31T14:46:06.137501200] Class: PSK.FlowerShop.controller.ProductController, Method: getProducts
[2023-05-31T14:46:06.137501200] Class: PSK.FlowerShop.service.ProductService, Method: getAllProducts
[2023-05-31T14:46:06.138502] Class: PSK.FlowerShop.repository.ProductRepository, Method: findByIsDeletedFalse
[2023-05-31T14:46:06.146504600] Class: PSK.FlowerShop.controller.ProductController, Method: getProducts
[2023-05-31T14:46:06.147503500] Class: PSK.FlowerShop.service.ProductService, Method: getAllProducts
[2023-05-31T14:46:06.147503500] Class: PSK.FlowerShop.repository.ProductRepository, Method: findByIsDeletedFalse
[2023-05-31T14:46:19.042536900] Class: PSK.FlowerShop.controller.AdminController, Method: login
[2023-05-31T14:46:19.046537100] Class: PSK.FlowerShop.service.AdminService, Method: findAdminByUsernameAndPassword
[2023-05-31T14:46:19.047539400] Class: PSK.FlowerShop.repository.AdminRepository, Method: findByUsernameAndPassword
[2023-05-31T14:46:19.243537300] Class: PSK.FlowerShop.controller.ProductController, Method: getProducts
[2023-05-31T14:46:19.245538100] Class: PSK.FlowerShop.service.ProductService, Method: getAllProducts
[2023-05-31T14:46:19.246535400] Class: PSK.FlowerShop.repository.ProductRepository, Method: findByIsDeletedFalse
[2023-05-31T14:46:19.266536900] Class: PSK.FlowerShop.controller.ProductController, Method: getProducts
[2023-05-31T14:46:19.267538] Class: PSK.FlowerShop.service.ProductService, Method: getAllProducts
[2023-05-31T14:46:19.268538900] Class: PSK.FlowerShop.repository.ProductRepository, Method: findByIsDeletedFalse
[2023-05-31T14:46:19.280540600] Class: PSK.FlowerShop.controller.ProductController, Method: getProducts
[2023-05-31T14:46:19.281537600] Class: PSK.FlowerShop.service.ProductService, Method: getAllProducts
[2023-05-31T14:46:19.281537600] Class: PSK.FlowerShop.repository.ProductRepository, Method: findByIsDeletedFalse
[2023-05-31T14:46:19.298537500] Class: PSK.FlowerShop.controller.ProductController, Method: getProducts
[2023-05-31T14:46:19.299537700] Class: PSK.FlowerShop.service.ProductService, Method: getAllProducts
[2023-05-31T14:46:19.299537700] Class: PSK.FlowerShop.repository.ProductRepository, Method: findByIsDeletedFalse
[2023-05-31T14:46:19.307539400] Class: PSK.FlowerShop.controller.ProductController, Method: getProducts
[2023-05-31T14:46:19.307539400] Class: PSK.FlowerShop.service.ProductService, Method: getAllProducts
[2023-05-31T14:46:19.308538400] Class: PSK.FlowerShop.repository.ProductRepository, Method: findByIsDeletedFalse
[2023-05-31T14:46:19.318537600] Class: PSK.FlowerShop.controller.ProductController, Method: getProducts
[2023-05-31T14:46:19.319537500] Class: PSK.FlowerShop.service.ProductService, Method: getAllProducts
[2023-05-31T14:46:19.319537500] Class: PSK.FlowerShop.repository.ProductRepository, Method: findByIsDeletedFalse

============================
 Flower Shop Server Started
============================
[2023-05-31T14:48:59.552124100] Class: PSK.FlowerShop.configurations.ModelMapperConfig, Method: modelMapper
[2023-05-31T14:49:00.279124600] Class: PSK.FlowerShop.configurations.CorsConfig, Method: addCorsMappings
[2023-05-31T14:49:03.105512400] Class: PSK.FlowerShop.controller.ProductController, Method: getProducts
[2023-05-31T14:49:03.106515] Class: PSK.FlowerShop.service.ProductService, Method: getAllProducts
[2023-05-31T14:49:03.107515900] Class: PSK.FlowerShop.repository.ProductRepository, Method: findByIsDeletedFalse
[2023-05-31T14:49:03.267514300] Class: PSK.FlowerShop.controller.ProductController, Method: getProducts
[2023-05-31T14:49:03.267514300] Class: PSK.FlowerShop.service.ProductService, Method: getAllProducts
[2023-05-31T14:49:03.268515600] Class: PSK.FlowerShop.repository.ProductRepository, Method: findByIsDeletedFalse
[2023-05-31T14:49:03.271515] Class: PSK.FlowerShop.controller.ProductController, Method: getProducts
[2023-05-31T14:49:03.271515] Class: PSK.FlowerShop.service.ProductService, Method: getAllProducts
[2023-05-31T14:49:03.272513400] Class: PSK.FlowerShop.repository.ProductRepository, Method: findByIsDeletedFalse
[2023-05-31T14:49:03.289516800] Class: PSK.FlowerShop.controller.ProductController, Method: getProducts
[2023-05-31T14:49:03.289516800] Class: PSK.FlowerShop.service.ProductService, Method: getAllProducts
[2023-05-31T14:49:03.290514500] Class: PSK.FlowerShop.repository.ProductRepository, Method: findByIsDeletedFalse
[2023-05-31T14:49:03.293516200] Class: PSK.FlowerShop.controller.ProductController, Method: getProducts
[2023-05-31T14:49:03.293516200] Class: PSK.FlowerShop.service.ProductService, Method: getAllProducts
[2023-05-31T14:49:03.294516] Class: PSK.FlowerShop.repository.ProductRepository, Method: findByIsDeletedFalse
[2023-05-31T14:49:03.306513800] Class: PSK.FlowerShop.controller.ProductController, Method: getProducts
[2023-05-31T14:49:03.306513800] Class: PSK.FlowerShop.service.ProductService, Method: getAllProducts
[2023-05-31T14:49:03.307515] Class: PSK.FlowerShop.repository.ProductRepository, Method: findByIsDeletedFalse
[2023-05-31T14:49:11.097340300] Class: PSK.FlowerShop.controller.AdminController, Method: login
[2023-05-31T14:49:11.105340600] Class: PSK.FlowerShop.service.AdminService, Method: findAdminByUsernameAndPassword
[2023-05-31T14:49:11.105340600] Class: PSK.FlowerShop.repository.AdminRepository, Method: findByUsernameAndPassword
[2023-05-31T14:49:11.223342900] Class: PSK.FlowerShop.controller.ProductController, Method: getProducts
[2023-05-31T14:49:11.224343900] Class: PSK.FlowerShop.service.ProductService, Method: getAllProducts
[2023-05-31T14:49:11.225342600] Class: PSK.FlowerShop.repository.ProductRepository, Method: findByIsDeletedFalse
[2023-05-31T14:49:11.239341400] Class: PSK.FlowerShop.controller.ProductController, Method: getProducts
[2023-05-31T14:49:11.239341400] Class: PSK.FlowerShop.service.ProductService, Method: getAllProducts
[2023-05-31T14:49:11.240341200] Class: PSK.FlowerShop.repository.ProductRepository, Method: findByIsDeletedFalse
[2023-05-31T14:49:11.242343200] Class: PSK.FlowerShop.controller.ProductController, Method: getProducts
[2023-05-31T14:49:11.243341100] Class: PSK.FlowerShop.service.ProductService, Method: getAllProducts
[2023-05-31T14:49:11.243341100] Class: PSK.FlowerShop.repository.ProductRepository, Method: findByIsDeletedFalse
[2023-05-31T14:49:11.253375] Class: PSK.FlowerShop.controller.ProductController, Method: getProducts
[2023-05-31T14:49:11.254341] Class: PSK.FlowerShop.service.ProductService, Method: getAllProducts
[2023-05-31T14:49:11.254341] Class: PSK.FlowerShop.repository.ProductRepository, Method: findByIsDeletedFalse
[2023-05-31T14:49:11.255342200] Class: PSK.FlowerShop.controller.ProductController, Method: getProducts
[2023-05-31T14:49:11.255342200] Class: PSK.FlowerShop.service.ProductService, Method: getAllProducts
[2023-05-31T14:49:11.256341200] Class: PSK.FlowerShop.repository.ProductRepository, Method: findByIsDeletedFalse
[2023-05-31T14:49:11.266342600] Class: PSK.FlowerShop.controller.ProductController, Method: getProducts
[2023-05-31T14:49:11.266342600] Class: PSK.FlowerShop.service.ProductService, Method: getAllProducts
[2023-05-31T14:49:11.267341] Class: PSK.FlowerShop.repository.ProductRepository, Method: findByIsDeletedFalse
[2023-05-31T14:49:14.145330400] Class: PSK.FlowerShop.controller.StatisticsController, Method: getStatistics
[2023-05-31T14:49:14.145330400] Class: PSK.FlowerShop.usecase.StatisticCalculator, Method: getStatistics
[2023-05-31T14:49:14.145330400] Class: PSK.FlowerShop.service.OrderService, Method: getOrdersByDateRange
[2023-05-31T14:49:14.146329400] Class: PSK.FlowerShop.repository.OrderRepository, Method: findOrdersByDateRange
[2023-05-31T14:49:14.164329600] Class: PSK.FlowerShop.controller.StatisticsController, Method: getStatistics
[2023-05-31T14:49:14.164329600] Class: PSK.FlowerShop.usecase.StatisticCalculator, Method: getStatistics
[2023-05-31T14:49:14.164329600] Class: PSK.FlowerShop.service.OrderService, Method: getOrdersByDateRange
[2023-05-31T14:49:14.165329700] Class: PSK.FlowerShop.repository.OrderRepository, Method: findOrdersByDateRange
[2023-05-31T14:49:16.071794700] Class: PSK.FlowerShop.controller.OrderController, Method: getAllOrders
[2023-05-31T14:49:16.071794700] Class: PSK.FlowerShop.service.OrderService, Method: getAllOrders
[2023-05-31T14:49:16.102796100] Class: PSK.FlowerShop.controller.OrderController, Method: getAllOrders
[2023-05-31T14:49:16.103823200] Class: PSK.FlowerShop.service.OrderService, Method: getAllOrders
[2023-05-31T14:49:25.987109] Class: PSK.FlowerShop.controller.ProductController, Method: getProducts
[2023-05-31T14:49:25.987109] Class: PSK.FlowerShop.service.ProductService, Method: getAllProducts
[2023-05-31T14:49:25.988109] Class: PSK.FlowerShop.repository.ProductRepository, Method: findByIsDeletedFalse
[2023-05-31T14:49:26.008113300] Class: PSK.FlowerShop.controller.ProductController, Method: getProducts
[2023-05-31T14:49:26.008113300] Class: PSK.FlowerShop.service.ProductService, Method: getAllProducts
[2023-05-31T14:49:26.010109300] Class: PSK.FlowerShop.repository.ProductRepository, Method: findByIsDeletedFalse
[2023-05-31T14:49:26.023108600] Class: PSK.FlowerShop.controller.ProductController, Method: getProducts
[2023-05-31T14:49:26.023108600] Class: PSK.FlowerShop.service.ProductService, Method: getAllProducts
[2023-05-31T14:49:26.024111300] Class: PSK.FlowerShop.repository.ProductRepository, Method: findByIsDeletedFalse
[2023-05-31T14:49:26.040109500] Class: PSK.FlowerShop.controller.ProductController, Method: getProducts
[2023-05-31T14:49:26.041112] Class: PSK.FlowerShop.service.ProductService, Method: getAllProducts
[2023-05-31T14:49:26.042112900] Class: PSK.FlowerShop.repository.ProductRepository, Method: findByIsDeletedFalse
[2023-05-31T14:49:26.053110300] Class: PSK.FlowerShop.controller.ProductController, Method: getProducts
[2023-05-31T14:49:26.054108900] Class: PSK.FlowerShop.service.ProductService, Method: getAllProducts
[2023-05-31T14:49:26.055110100] Class: PSK.FlowerShop.repository.ProductRepository, Method: findByIsDeletedFalse
[2023-05-31T14:49:26.072110400] Class: PSK.FlowerShop.controller.ProductController, Method: getProducts
[2023-05-31T14:49:26.073111500] Class: PSK.FlowerShop.service.ProductService, Method: getAllProducts
[2023-05-31T14:49:26.073111500] Class: PSK.FlowerShop.repository.ProductRepository, Method: findByIsDeletedFalse
[2023-05-31T14:49:30.566166500] Class: PSK.FlowerShop.controller.ProductController, Method: getProducts
[2023-05-31T14:49:30.567170200] Class: PSK.FlowerShop.service.ProductService, Method: getAllProducts
[2023-05-31T14:49:30.568167300] Class: PSK.FlowerShop.repository.ProductRepository, Method: findByIsDeletedFalse
[2023-05-31T14:49:30.590168900] Class: PSK.FlowerShop.controller.ProductController, Method: getProducts
[2023-05-31T14:49:30.591167800] Class: PSK.FlowerShop.service.ProductService, Method: getAllProducts
[2023-05-31T14:49:30.595165700] Class: PSK.FlowerShop.repository.ProductRepository, Method: findByIsDeletedFalse
[2023-05-31T14:49:30.670166300] Class: PSK.FlowerShop.controller.ProductController, Method: getProducts
[2023-05-31T14:49:30.671166400] Class: PSK.FlowerShop.service.ProductService, Method: getAllProducts
[2023-05-31T14:49:30.674166700] Class: PSK.FlowerShop.repository.ProductRepository, Method: findByIsDeletedFalse
[2023-05-31T14:49:30.706165100] Class: PSK.FlowerShop.controller.ProductController, Method: getProducts
[2023-05-31T14:49:30.707166900] Class: PSK.FlowerShop.service.ProductService, Method: getAllProducts
[2023-05-31T14:49:30.708175500] Class: PSK.FlowerShop.repository.ProductRepository, Method: findByIsDeletedFalse
[2023-05-31T14:49:30.732168200] Class: PSK.FlowerShop.controller.ProductController, Method: getProducts
[2023-05-31T14:49:30.733168200] Class: PSK.FlowerShop.service.ProductService, Method: getAllProducts
[2023-05-31T14:49:30.733168200] Class: PSK.FlowerShop.repository.ProductRepository, Method: findByIsDeletedFalse
[2023-05-31T14:49:30.753168100] Class: PSK.FlowerShop.controller.ProductController, Method: getProducts
[2023-05-31T14:49:30.755166] Class: PSK.FlowerShop.service.ProductService, Method: getAllProducts
[2023-05-31T14:49:30.756166500] Class: PSK.FlowerShop.repository.ProductRepository, Method: findByIsDeletedFalse
[2023-05-31T14:49:33.089612900] Class: PSK.FlowerShop.controller.AdminController, Method: login
[2023-05-31T14:49:33.093611900] Class: PSK.FlowerShop.service.AdminService, Method: findAdminByUsernameAndPassword
[2023-05-31T14:49:33.093611900] Class: PSK.FlowerShop.repository.AdminRepository, Method: findByUsernameAndPassword
[2023-05-31T14:49:54.335121200] Class: PSK.FlowerShop.controller.AdminController, Method: login
[2023-05-31T14:49:54.336146700] Class: PSK.FlowerShop.service.AdminService, Method: findAdminByUsernameAndPassword
[2023-05-31T14:49:54.336146700] Class: PSK.FlowerShop.repository.AdminRepository, Method: findByUsernameAndPassword
[2023-05-31T14:49:54.445813300] Class: PSK.FlowerShop.controller.ProductController, Method: getProducts
[2023-05-31T14:49:54.445813300] Class: PSK.FlowerShop.service.ProductService, Method: getAllProducts
[2023-05-31T14:49:54.446814] Class: PSK.FlowerShop.repository.ProductRepository, Method: findByIsDeletedFalse
[2023-05-31T14:49:54.466813900] Class: PSK.FlowerShop.controller.ProductController, Method: getProducts
[2023-05-31T14:49:54.468812900] Class: PSK.FlowerShop.service.ProductService, Method: getAllProducts
[2023-05-31T14:49:54.470813600] Class: PSK.FlowerShop.repository.ProductRepository, Method: findByIsDeletedFalse
[2023-05-31T14:49:54.481814500] Class: PSK.FlowerShop.controller.ProductController, Method: getProducts
[2023-05-31T14:49:54.482814300] Class: PSK.FlowerShop.service.ProductService, Method: getAllProducts
[2023-05-31T14:49:54.483813900] Class: PSK.FlowerShop.repository.ProductRepository, Method: findByIsDeletedFalse
[2023-05-31T14:49:54.528815200] Class: PSK.FlowerShop.controller.ProductController, Method: getProducts
[2023-05-31T14:49:54.529815600] Class: PSK.FlowerShop.service.ProductService, Method: getAllProducts
[2023-05-31T14:49:54.530813500] Class: PSK.FlowerShop.repository.ProductRepository, Method: findByIsDeletedFalse
[2023-05-31T14:49:54.531814300] Class: PSK.FlowerShop.controller.ProductController, Method: getProducts
[2023-05-31T14:49:54.532813600] Class: PSK.FlowerShop.service.ProductService, Method: getAllProducts
[2023-05-31T14:49:54.533813] Class: PSK.FlowerShop.repository.ProductRepository, Method: findByIsDeletedFalse
[2023-05-31T14:49:54.574817900] Class: PSK.FlowerShop.controller.ProductController, Method: getProducts
[2023-05-31T14:49:54.575815400] Class: PSK.FlowerShop.service.ProductService, Method: getAllProducts
[2023-05-31T14:49:54.576814600] Class: PSK.FlowerShop.repository.ProductRepository, Method: findByIsDeletedFalse

============================
 Flower Shop Server Started
============================
[2023-05-31T14:53:30.414681500] Class: PSK.FlowerShop.configurations.ModelMapperConfig, Method: modelMapper
[2023-05-31T14:53:31.153121300] Class: PSK.FlowerShop.configurations.CorsConfig, Method: addCorsMappings
[2023-05-31T15:02:19.655298800] Class: PSK.FlowerShop.controller.ProductController, Method: getProducts
[2023-05-31T15:02:19.655298800] Class: PSK.FlowerShop.service.ProductService, Method: getAllProducts
[2023-05-31T15:02:19.657299800] Class: PSK.FlowerShop.repository.ProductRepository, Method: findByIsDeletedFalse
[2023-05-31T15:02:19.844303300] Class: PSK.FlowerShop.controller.ProductController, Method: getProducts
[2023-05-31T15:02:19.845303300] Class: PSK.FlowerShop.service.ProductService, Method: getAllProducts
[2023-05-31T15:02:19.846304200] Class: PSK.FlowerShop.repository.ProductRepository, Method: findByIsDeletedFalse
[2023-05-31T15:02:19.864308] Class: PSK.FlowerShop.controller.ProductController, Method: getProducts
[2023-05-31T15:02:19.864308] Class: PSK.FlowerShop.service.ProductService, Method: getAllProducts
[2023-05-31T15:02:19.865303200] Class: PSK.FlowerShop.repository.ProductRepository, Method: findByIsDeletedFalse
[2023-05-31T15:02:19.885302200] Class: PSK.FlowerShop.controller.ProductController, Method: getProducts
[2023-05-31T15:02:19.886302700] Class: PSK.FlowerShop.service.ProductService, Method: getAllProducts
[2023-05-31T15:02:19.887302400] Class: PSK.FlowerShop.repository.ProductRepository, Method: findByIsDeletedFalse
[2023-05-31T15:02:19.893302700] Class: PSK.FlowerShop.controller.ProductController, Method: getProducts
[2023-05-31T15:02:19.894300900] Class: PSK.FlowerShop.service.ProductService, Method: getAllProducts
[2023-05-31T15:02:19.894300900] Class: PSK.FlowerShop.repository.ProductRepository, Method: findByIsDeletedFalse
[2023-05-31T15:02:19.911302400] Class: PSK.FlowerShop.controller.ProductController, Method: getProducts
[2023-05-31T15:02:19.912303600] Class: PSK.FlowerShop.service.ProductService, Method: getAllProducts
[2023-05-31T15:02:19.912303600] Class: PSK.FlowerShop.repository.ProductRepository, Method: findByIsDeletedFalse
[2023-05-31T15:02:28.536387200] Class: PSK.FlowerShop.controller.ProductController, Method: getProducts
[2023-05-31T15:02:28.537388500] Class: PSK.FlowerShop.service.ProductService, Method: getAllProducts
[2023-05-31T15:02:28.537388500] Class: PSK.FlowerShop.repository.ProductRepository, Method: findByIsDeletedFalse
[2023-05-31T15:02:28.559387900] Class: PSK.FlowerShop.controller.ProductController, Method: getProducts
[2023-05-31T15:02:28.561391600] Class: PSK.FlowerShop.service.ProductService, Method: getAllProducts
[2023-05-31T15:02:28.562392900] Class: PSK.FlowerShop.repository.ProductRepository, Method: findByIsDeletedFalse
[2023-05-31T15:02:28.566386700] Class: PSK.FlowerShop.controller.ProductController, Method: getProducts
[2023-05-31T15:02:28.567388] Class: PSK.FlowerShop.service.ProductService, Method: getAllProducts
[2023-05-31T15:02:28.567388] Class: PSK.FlowerShop.repository.ProductRepository, Method: findByIsDeletedFalse
[2023-05-31T15:02:28.591386600] Class: PSK.FlowerShop.controller.ProductController, Method: getProducts
[2023-05-31T15:02:28.591386600] Class: PSK.FlowerShop.service.ProductService, Method: getAllProducts
[2023-05-31T15:02:28.592387900] Class: PSK.FlowerShop.repository.ProductRepository, Method: findByIsDeletedFalse
[2023-05-31T15:02:28.598388400] Class: PSK.FlowerShop.controller.ProductController, Method: getProducts
[2023-05-31T15:02:28.598388400] Class: PSK.FlowerShop.service.ProductService, Method: getAllProducts
[2023-05-31T15:02:28.599387400] Class: PSK.FlowerShop.repository.ProductRepository, Method: findByIsDeletedFalse
[2023-05-31T15:02:28.622389] Class: PSK.FlowerShop.controller.ProductController, Method: getProducts
[2023-05-31T15:02:28.622389] Class: PSK.FlowerShop.service.ProductService, Method: getAllProducts
[2023-05-31T15:02:28.623386500] Class: PSK.FlowerShop.repository.ProductRepository, Method: findByIsDeletedFalse

============================
 Flower Shop Server Started
============================
[2023-05-31T15:05:54.163188600] Class: PSK.FlowerShop.configurations.ModelMapperConfig, Method: modelMapper
[2023-05-31T15:05:54.913188600] Class: PSK.FlowerShop.configurations.CorsConfiguration, Method: addCorsMappings
[2023-05-31T15:06:06.162995500] Class: PSK.FlowerShop.controller.ProductController, Method: getProducts
[2023-05-31T15:06:06.162995500] Class: PSK.FlowerShop.service.ProductService, Method: getAllProducts
[2023-05-31T15:06:06.163995400] Class: PSK.FlowerShop.repository.ProductRepository, Method: findByIsDeletedFalse
[2023-05-31T15:06:06.340995700] Class: PSK.FlowerShop.controller.ProductController, Method: getProducts
[2023-05-31T15:06:06.341999100] Class: PSK.FlowerShop.service.ProductService, Method: getAllProducts
[2023-05-31T15:06:06.341999100] Class: PSK.FlowerShop.repository.ProductRepository, Method: findByIsDeletedFalse
[2023-05-31T15:06:06.349997900] Class: PSK.FlowerShop.controller.ProductController, Method: getProducts
[2023-05-31T15:06:06.349997900] Class: PSK.FlowerShop.service.ProductService, Method: getAllProducts
[2023-05-31T15:06:06.350997400] Class: PSK.FlowerShop.repository.ProductRepository, Method: findByIsDeletedFalse
[2023-05-31T15:06:06.366998700] Class: PSK.FlowerShop.controller.ProductController, Method: getProducts
[2023-05-31T15:06:06.367997400] Class: PSK.FlowerShop.service.ProductService, Method: getAllProducts
[2023-05-31T15:06:06.367997400] Class: PSK.FlowerShop.repository.ProductRepository, Method: findByIsDeletedFalse
[2023-05-31T15:06:06.376997] Class: PSK.FlowerShop.controller.ProductController, Method: getProducts
[2023-05-31T15:06:06.377997] Class: PSK.FlowerShop.service.ProductService, Method: getAllProducts
[2023-05-31T15:06:06.378997900] Class: PSK.FlowerShop.repository.ProductRepository, Method: findByIsDeletedFalse
[2023-05-31T15:06:06.391995200] Class: PSK.FlowerShop.controller.ProductController, Method: getProducts
[2023-05-31T15:06:06.391995200] Class: PSK.FlowerShop.service.ProductService, Method: getAllProducts
[2023-05-31T15:06:06.392995800] Class: PSK.FlowerShop.repository.ProductRepository, Method: findByIsDeletedFalse
[2023-05-31T15:06:18.647280900] Class: PSK.FlowerShop.controller.ProductController, Method: getProducts
[2023-05-31T15:06:18.648280] Class: PSK.FlowerShop.service.ProductService, Method: getAllProducts
[2023-05-31T15:06:18.648280] Class: PSK.FlowerShop.repository.ProductRepository, Method: findByIsDeletedFalse
[2023-05-31T15:06:18.664653] Class: PSK.FlowerShop.controller.ProductController, Method: getProducts
[2023-05-31T15:06:18.665653300] Class: PSK.FlowerShop.service.ProductService, Method: getAllProducts
[2023-05-31T15:06:18.665653300] Class: PSK.FlowerShop.repository.ProductRepository, Method: findByIsDeletedFalse
[2023-05-31T15:06:18.670655] Class: PSK.FlowerShop.controller.ProductController, Method: getProducts
[2023-05-31T15:06:18.670655] Class: PSK.FlowerShop.service.ProductService, Method: getAllProducts
[2023-05-31T15:06:18.670655] Class: PSK.FlowerShop.repository.ProductRepository, Method: findByIsDeletedFalse
[2023-05-31T15:06:18.682652500] Class: PSK.FlowerShop.controller.ProductController, Method: getProducts
[2023-05-31T15:06:18.682652500] Class: PSK.FlowerShop.service.ProductService, Method: getAllProducts
[2023-05-31T15:06:18.683653200] Class: PSK.FlowerShop.repository.ProductRepository, Method: findByIsDeletedFalse
[2023-05-31T15:06:18.687651600] Class: PSK.FlowerShop.controller.ProductController, Method: getProducts
[2023-05-31T15:06:18.687651600] Class: PSK.FlowerShop.service.ProductService, Method: getAllProducts
[2023-05-31T15:06:18.688651800] Class: PSK.FlowerShop.repository.ProductRepository, Method: findByIsDeletedFalse
[2023-05-31T15:06:18.697652] Class: PSK.FlowerShop.controller.ProductController, Method: getProducts
[2023-05-31T15:06:18.698652100] Class: PSK.FlowerShop.service.ProductService, Method: getAllProducts
[2023-05-31T15:06:18.698652100] Class: PSK.FlowerShop.repository.ProductRepository, Method: findByIsDeletedFalse

============================
 Flower Shop Server Started
============================
[2023-05-31T15:08:56.148734100] Class: PSK.FlowerShop.configurations.ModelMapperConfig, Method: modelMapper
[2023-05-31T15:08:56.894125300] Class: PSK.FlowerShop.configurations.CorsConfig, Method: addCorsMappings

============================
 Flower Shop Server Started
============================
[2023-05-31T15:18:56.744501600] Class: PSK.FlowerShop.configurations.ModelMapperConfig, Method: modelMapper
[2023-05-31T15:18:57.211500600] Class: PSK.FlowerShop.FlowerShopApplication, Method: corsConfigurer
[2023-05-31T15:18:57.457611600] Class: PSK.FlowerShop.configurations.CorsConfig, Method: addCorsMappings
[2023-05-31T15:18:57.460609200] Class: PSK.FlowerShop.FlowerShopApplication$1, Method: addCorsMappings
[2023-05-31T15:19:07.773604300] Class: PSK.FlowerShop.controller.ProductController, Method: getProducts
[2023-05-31T15:19:07.773604300] Class: PSK.FlowerShop.service.ProductService, Method: getAllProducts
[2023-05-31T15:19:07.774604200] Class: PSK.FlowerShop.repository.ProductRepository, Method: findByIsDeletedFalse
[2023-05-31T15:19:07.945608700] Class: PSK.FlowerShop.controller.ProductController, Method: getProducts
[2023-05-31T15:19:07.946609300] Class: PSK.FlowerShop.service.ProductService, Method: getAllProducts
[2023-05-31T15:19:07.946609300] Class: PSK.FlowerShop.repository.ProductRepository, Method: findByIsDeletedFalse
[2023-05-31T15:19:07.955605200] Class: PSK.FlowerShop.controller.ProductController, Method: getProducts
[2023-05-31T15:19:07.955605200] Class: PSK.FlowerShop.service.ProductService, Method: getAllProducts
[2023-05-31T15:19:07.956606200] Class: PSK.FlowerShop.repository.ProductRepository, Method: findByIsDeletedFalse
[2023-05-31T15:19:07.978607600] Class: PSK.FlowerShop.controller.ProductController, Method: getProducts
[2023-05-31T15:19:07.978607600] Class: PSK.FlowerShop.service.ProductService, Method: getAllProducts
[2023-05-31T15:19:07.979606200] Class: PSK.FlowerShop.repository.ProductRepository, Method: findByIsDeletedFalse
[2023-05-31T15:19:07.986607] Class: PSK.FlowerShop.controller.ProductController, Method: getProducts
[2023-05-31T15:19:07.987606] Class: PSK.FlowerShop.service.ProductService, Method: getAllProducts
[2023-05-31T15:19:07.987606] Class: PSK.FlowerShop.repository.ProductRepository, Method: findByIsDeletedFalse
[2023-05-31T15:19:08.003606200] Class: PSK.FlowerShop.controller.ProductController, Method: getProducts
[2023-05-31T15:19:08.004606600] Class: PSK.FlowerShop.service.ProductService, Method: getAllProducts
[2023-05-31T15:19:08.004606600] Class: PSK.FlowerShop.repository.ProductRepository, Method: findByIsDeletedFalse

============================
 Flower Shop Server Started
============================
[2023-05-31T15:19:50.487834] Class: PSK.FlowerShop.configurations.ModelMapperConfig, Method: modelMapper
[2023-05-31T15:19:50.944506200] Class: PSK.FlowerShop.FlowerShopApplication, Method: corsConfigurer
[2023-05-31T15:19:51.191510] Class: PSK.FlowerShop.configurations.CorsConfig, Method: addCorsMappings
[2023-05-31T15:19:51.194511600] Class: PSK.FlowerShop.FlowerShopApplication$1, Method: addCorsMappings
[2023-05-31T15:20:03.374480500] Class: PSK.FlowerShop.controller.ProductController, Method: getProducts
[2023-05-31T15:20:03.375481700] Class: PSK.FlowerShop.service.ProductService, Method: getAllProducts
[2023-05-31T15:20:03.377480700] Class: PSK.FlowerShop.repository.ProductRepository, Method: findByIsDeletedFalse
[2023-05-31T15:20:03.563481900] Class: PSK.FlowerShop.controller.ProductController, Method: getProducts
[2023-05-31T15:20:03.564484200] Class: PSK.FlowerShop.service.ProductService, Method: getAllProducts
[2023-05-31T15:20:03.565482900] Class: PSK.FlowerShop.repository.ProductRepository, Method: findByIsDeletedFalse
[2023-05-31T15:20:03.576480900] Class: PSK.FlowerShop.controller.ProductController, Method: getProducts
[2023-05-31T15:20:03.576480900] Class: PSK.FlowerShop.service.ProductService, Method: getAllProducts
[2023-05-31T15:20:03.577484600] Class: PSK.FlowerShop.repository.ProductRepository, Method: findByIsDeletedFalse
[2023-05-31T15:20:03.596482900] Class: PSK.FlowerShop.controller.ProductController, Method: getProducts
[2023-05-31T15:20:03.597481] Class: PSK.FlowerShop.service.ProductService, Method: getAllProducts
[2023-05-31T15:20:03.597481] Class: PSK.FlowerShop.repository.ProductRepository, Method: findByIsDeletedFalse
[2023-05-31T15:20:03.603482] Class: PSK.FlowerShop.controller.ProductController, Method: getProducts
[2023-05-31T15:20:03.604483700] Class: PSK.FlowerShop.service.ProductService, Method: getAllProducts
[2023-05-31T15:20:03.604483700] Class: PSK.FlowerShop.repository.ProductRepository, Method: findByIsDeletedFalse
[2023-05-31T15:20:03.627483100] Class: PSK.FlowerShop.controller.ProductController, Method: getProducts
[2023-05-31T15:20:03.628482900] Class: PSK.FlowerShop.service.ProductService, Method: getAllProducts
[2023-05-31T15:20:03.628482900] Class: PSK.FlowerShop.repository.ProductRepository, Method: findByIsDeletedFalse

============================
 Flower Shop Server Started
============================
[2023-05-31T15:21:51.956357300] Class: PSK.FlowerShop.configurations.ModelMapperConfig, Method: modelMapper
[2023-05-31T15:21:52.434356600] Class: PSK.FlowerShop.FlowerShopApplication, Method: corsConfigurer
[2023-05-31T15:21:52.695359900] Class: PSK.FlowerShop.configurations.CorsConfig, Method: addCorsMappings
[2023-05-31T15:21:52.698359] Class: PSK.FlowerShop.FlowerShopApplication$1, Method: addCorsMappings

============================
 Flower Shop Server Started
============================
[2023-05-31T15:22:18.477331500] Class: PSK.FlowerShop.configurations.ModelMapperConfig, Method: modelMapper
[2023-05-31T15:22:18.945550800] Class: PSK.FlowerShop.FlowerShopApplication, Method: corsConfigurer
[2023-05-31T15:22:19.210552700] Class: PSK.FlowerShop.FlowerShopApplication$1, Method: addCorsMappings
[2023-05-31T15:22:31.032554700] Class: PSK.FlowerShop.controller.ProductController, Method: getProducts
[2023-05-31T15:22:31.033556] Class: PSK.FlowerShop.service.ProductService, Method: getAllProducts
[2023-05-31T15:22:31.033556] Class: PSK.FlowerShop.repository.ProductRepository, Method: findByIsDeletedFalse
[2023-05-31T15:22:31.202554100] Class: PSK.FlowerShop.controller.ProductController, Method: getProducts
[2023-05-31T15:22:31.203553300] Class: PSK.FlowerShop.service.ProductService, Method: getAllProducts
[2023-05-31T15:22:31.203553300] Class: PSK.FlowerShop.repository.ProductRepository, Method: findByIsDeletedFalse
[2023-05-31T15:22:31.210552400] Class: PSK.FlowerShop.controller.ProductController, Method: getProducts
[2023-05-31T15:22:31.210552400] Class: PSK.FlowerShop.service.ProductService, Method: getAllProducts
[2023-05-31T15:22:31.211555200] Class: PSK.FlowerShop.repository.ProductRepository, Method: findByIsDeletedFalse
[2023-05-31T15:22:31.227551300] Class: PSK.FlowerShop.controller.ProductController, Method: getProducts
[2023-05-31T15:22:31.228553600] Class: PSK.FlowerShop.service.ProductService, Method: getAllProducts
[2023-05-31T15:22:31.228553600] Class: PSK.FlowerShop.repository.ProductRepository, Method: findByIsDeletedFalse
[2023-05-31T15:22:31.234552400] Class: PSK.FlowerShop.controller.ProductController, Method: getProducts
[2023-05-31T15:22:31.234552400] Class: PSK.FlowerShop.service.ProductService, Method: getAllProducts
[2023-05-31T15:22:31.234552400] Class: PSK.FlowerShop.repository.ProductRepository, Method: findByIsDeletedFalse
[2023-05-31T15:22:31.247553300] Class: PSK.FlowerShop.controller.ProductController, Method: getProducts
[2023-05-31T15:22:31.248553800] Class: PSK.FlowerShop.service.ProductService, Method: getAllProducts
[2023-05-31T15:22:31.248553800] Class: PSK.FlowerShop.repository.ProductRepository, Method: findByIsDeletedFalse

============================
 Flower Shop Server Started
============================
[2023-05-31T15:23:31.210683200] Class: PSK.FlowerShop.configurations.ModelMapperConfig, Method: modelMapper
[2023-05-31T15:23:31.949684500] Class: PSK.FlowerShop.configurations.CorsConfig, Method: addCorsMappings

============================
 Flower Shop Server Started
============================
[2023-05-31T15:33:38.186688400] Class: PSK.FlowerShop.configurations.ModelMapperConfig, Method: modelMapper
[2023-05-31T15:33:38.913688400] Class: PSK.FlowerShop.configurations.CorsConfig, Method: addCorsMappings

============================
 Flower Shop Server Started
============================
[2023-05-31T15:34:21.780759100] Class: PSK.FlowerShop.configurations.ModelMapperConfig, Method: modelMapper
[2023-05-31T15:34:22.468180200] Class: PSK.FlowerShop.configurations.CorsConfig, Method: addCorsMappings
[2023-05-31T15:34:42.730301400] Class: PSK.FlowerShop.controller.ProductController, Method: getProducts
[2023-05-31T15:34:42.731302400] Class: PSK.FlowerShop.service.ProductService, Method: getAllProducts
[2023-05-31T15:34:42.731302400] Class: PSK.FlowerShop.repository.ProductRepository, Method: findByIsDeletedFalse
[2023-05-31T15:34:42.915305900] Class: PSK.FlowerShop.controller.ProductController, Method: getProducts
[2023-05-31T15:34:42.915305900] Class: PSK.FlowerShop.service.ProductService, Method: getAllProducts
[2023-05-31T15:34:42.916306900] Class: PSK.FlowerShop.repository.ProductRepository, Method: findByIsDeletedFalse
[2023-05-31T15:34:42.925309] Class: PSK.FlowerShop.controller.ProductController, Method: getProducts
[2023-05-31T15:34:42.925309] Class: PSK.FlowerShop.service.ProductService, Method: getAllProducts
[2023-05-31T15:34:42.926304400] Class: PSK.FlowerShop.repository.ProductRepository, Method: findByIsDeletedFalse
[2023-05-31T15:34:42.948303900] Class: PSK.FlowerShop.controller.ProductController, Method: getProducts
[2023-05-31T15:34:42.949304700] Class: PSK.FlowerShop.service.ProductService, Method: getAllProducts
[2023-05-31T15:34:42.949304700] Class: PSK.FlowerShop.repository.ProductRepository, Method: findByIsDeletedFalse
[2023-05-31T15:34:42.956305800] Class: PSK.FlowerShop.controller.ProductController, Method: getProducts
[2023-05-31T15:34:42.957304800] Class: PSK.FlowerShop.service.ProductService, Method: getAllProducts
[2023-05-31T15:34:42.957304800] Class: PSK.FlowerShop.repository.ProductRepository, Method: findByIsDeletedFalse
[2023-05-31T15:34:42.974304800] Class: PSK.FlowerShop.controller.ProductController, Method: getProducts
[2023-05-31T15:34:42.975303700] Class: PSK.FlowerShop.service.ProductService, Method: getAllProducts
[2023-05-31T15:34:42.975303700] Class: PSK.FlowerShop.repository.ProductRepository, Method: findByIsDeletedFalse

============================
 Flower Shop Server Started
============================
[2023-05-31T15:35:51.777441] Class: PSK.FlowerShop.configurations.ModelMapperConfig, Method: modelMapper
[2023-05-31T15:35:52.533441100] Class: PSK.FlowerShop.configurations.CorsConfig, Method: addCorsMappings
[2023-05-31T15:35:59.897057500] Class: PSK.FlowerShop.controller.ProductController, Method: getProducts
[2023-05-31T15:35:59.897057500] Class: PSK.FlowerShop.service.ProductService, Method: getAllProducts
[2023-05-31T15:35:59.898023300] Class: PSK.FlowerShop.repository.ProductRepository, Method: findByIsDeletedFalse
[2023-05-31T15:36:00.048025100] Class: PSK.FlowerShop.controller.ProductController, Method: getProducts
[2023-05-31T15:36:00.049022500] Class: PSK.FlowerShop.service.ProductService, Method: getAllProducts
[2023-05-31T15:36:00.049022500] Class: PSK.FlowerShop.repository.ProductRepository, Method: findByIsDeletedFalse
[2023-05-31T15:36:00.055021900] Class: PSK.FlowerShop.controller.ProductController, Method: getProducts
[2023-05-31T15:36:00.055021900] Class: PSK.FlowerShop.service.ProductService, Method: getAllProducts
[2023-05-31T15:36:00.056027] Class: PSK.FlowerShop.repository.ProductRepository, Method: findByIsDeletedFalse
[2023-05-31T15:36:00.081023100] Class: PSK.FlowerShop.controller.ProductController, Method: getProducts
[2023-05-31T15:36:00.082023300] Class: PSK.FlowerShop.service.ProductService, Method: getAllProducts
[2023-05-31T15:36:00.083035500] Class: PSK.FlowerShop.repository.ProductRepository, Method: findByIsDeletedFalse
[2023-05-31T15:36:00.090025700] Class: PSK.FlowerShop.controller.ProductController, Method: getProducts
[2023-05-31T15:36:00.091035800] Class: PSK.FlowerShop.service.ProductService, Method: getAllProducts
[2023-05-31T15:36:00.091035800] Class: PSK.FlowerShop.repository.ProductRepository, Method: findByIsDeletedFalse
[2023-05-31T15:36:00.114027900] Class: PSK.FlowerShop.controller.ProductController, Method: getProducts
[2023-05-31T15:36:00.114027900] Class: PSK.FlowerShop.service.ProductService, Method: getAllProducts
[2023-05-31T15:36:00.115023300] Class: PSK.FlowerShop.repository.ProductRepository, Method: findByIsDeletedFalse

============================
 Flower Shop Server Started
============================
[2023-05-31T15:38:36.458664800] Class: PSK.FlowerShop.configurations.ModelMapperConfig, Method: modelMapper
[2023-05-31T15:38:37.148360300] Class: PSK.FlowerShop.configurations.CorsConfig, Method: addCorsMappings
[2023-05-31T15:38:44.352129300] Class: PSK.FlowerShop.controller.ProductController, Method: getProducts
[2023-05-31T15:38:44.352129300] Class: PSK.FlowerShop.service.ProductService, Method: getAllProducts
[2023-05-31T15:38:44.354130300] Class: PSK.FlowerShop.repository.ProductRepository, Method: findByIsDeletedFalse
[2023-05-31T15:38:44.535130900] Class: PSK.FlowerShop.controller.ProductController, Method: getProducts
[2023-05-31T15:38:44.536131100] Class: PSK.FlowerShop.service.ProductService, Method: getAllProducts
[2023-05-31T15:38:44.537135900] Class: PSK.FlowerShop.repository.ProductRepository, Method: findByIsDeletedFalse
[2023-05-31T15:38:44.547129400] Class: PSK.FlowerShop.controller.ProductController, Method: getProducts
[2023-05-31T15:38:44.548132600] Class: PSK.FlowerShop.service.ProductService, Method: getAllProducts
[2023-05-31T15:38:44.549132700] Class: PSK.FlowerShop.repository.ProductRepository, Method: findByIsDeletedFalse
[2023-05-31T15:38:44.570131] Class: PSK.FlowerShop.controller.ProductController, Method: getProducts
[2023-05-31T15:38:44.571131300] Class: PSK.FlowerShop.service.ProductService, Method: getAllProducts
[2023-05-31T15:38:44.572131900] Class: PSK.FlowerShop.repository.ProductRepository, Method: findByIsDeletedFalse
[2023-05-31T15:38:44.578130900] Class: PSK.FlowerShop.controller.ProductController, Method: getProducts
[2023-05-31T15:38:44.579131400] Class: PSK.FlowerShop.service.ProductService, Method: getAllProducts
[2023-05-31T15:38:44.579131400] Class: PSK.FlowerShop.repository.ProductRepository, Method: findByIsDeletedFalse
[2023-05-31T15:38:44.596132] Class: PSK.FlowerShop.controller.ProductController, Method: getProducts
[2023-05-31T15:38:44.597132500] Class: PSK.FlowerShop.service.ProductService, Method: getAllProducts
[2023-05-31T15:38:44.597132500] Class: PSK.FlowerShop.repository.ProductRepository, Method: findByIsDeletedFalse
